<?xml version="1.0" encoding="UTF-8"?>
<testng-results skipped="0" failed="0" total="1" passed="1">
  <reporter-output>
  </reporter-output>
  <suite name="Default suite" duration-ms="18935" started-at="2016-08-24T11:55:25Z" finished-at="2016-08-24T11:55:44Z">
    <groups>
    </groups>
    <test name="Default test" duration-ms="18935" started-at="2016-08-24T11:55:25Z" finished-at="2016-08-24T11:55:44Z">
      <class name="browsertest">
        <test-method status="PASS" signature="f()[pri:0, instance:browsertest@18ad742]" name="f" duration-ms="18924" started-at="2016-08-24T17:25:25Z" finished-at="2016-08-24T17:25:44Z">
          <reporter-output>
          </reporter-output>
        </test-method> <!-- f -->
      </class> <!-- browsertest -->
    </test> <!-- Default test -->
  </suite> <!-- Default suite -->
</testng-results>
